[35m[Appium][39m Welcome to Appium v1.22.3
[35m[Appium][39m Non-default server args:
[35m[Appium][39m   port: 51311
[35m[Appium][39m   loglevel: info
[35m[Appium][39m   tmpDir: /var/folders/0l/hp0k7b1d2qj4gzv5klwd4xk40000gn/T//Katalon/Appium/Temp1681375651285
[35m[Appium][39m   chromedriverPort: 51312
[35m[Appium][39m Deprecated server args:
[35m[Appium][39m   [31m--chromedriver-port[39m => --default-capabilities
[35m[Appium][39m Default capabilities, which will be added to each request unless overridden by desired capabilities:
[35m[Appium][39m   chromedriverPort: 51312
[35m[Appium][39m Appium REST http interface listener started on 0.0.0.0:51311
[35m[HTTP][39m [37m-->[39m [37mGET[39m [37m/wd/hub/status[39m
[35m[HTTP][39m [90m{}[39m
[35m[HTTP][39m [37m<-- GET /wd/hub/status [39m[32m200[39m [90m2 ms - 68[39m
[35m[HTTP][39m [90m[39m
[35m[HTTP][39m [37m-->[39m [37mGET[39m [37m/wd/hub/status[39m
[35m[HTTP][39m [90m{}[39m
[35m[HTTP][39m [37m<-- GET /wd/hub/status [39m[32m200[39m [90m0 ms - 68[39m
[35m[HTTP][39m [90m[39m
[35m[HTTP][39m [37m-->[39m [37mPOST[39m [37m/wd/hub/session[39m
[35m[HTTP][39m [90m{"desiredCapabilities":{"app":"/Users/it-gaadmin/Downloads/24eea317-bdd8-4df1-9be5-8912a59ae391.apk","noReset":true,"appWaitActivity":"*","deviceId":"3d88f8eb","deviceName":"realme RMX2030 (Android 10)","fullReset":false,"platform":"ANDROID","newCommandTimeout":1800,"platformVersion":"10","automationName":"uiautomator2","autoGrantPermissions":true,"platformName":"Android","udid":"3d88f8eb","systemPort":51320},"capabilities":{"firstMatch":[{"appium:app":"/Users/it-gaadmin/Downloads/24eea317-bdd8-4df1-9be5-8912a59ae391.apk","appium:appWaitActivity":"*","appium:autoGrantPermissions":true,"appium:automationName":"uiautomator2","deviceId":"3d88f8eb","appium:deviceName":"realme RMX2030 (Android 10)","appium:fullReset":false,"appium:newCommandTimeout":1800,"appium:noReset":true,"platform":"ANDROID","platformName":"android","appium:platformVersion":"10","appium:systemPort":51320,"appium:udid":"3d88f8eb"}]}}[39m
[35m[BaseDriver][39m The following capabilities are not standard capabilities and should have an extension prefix:
[35m[BaseDriver][39m   deviceId
[35m[BaseDriver][39m   platform
[35m[BaseDriver][39m   chromedriverPort
[35m[Appium][39m Appium v1.22.3 creating new AndroidUiautomator2Driver (v1.70.1) session
[35m[BaseDriver][39m The following capabilities were provided, but are not recognized by Appium:
[35m[BaseDriver][39m   deviceId
[35m[BaseDriver][39m   platform
[35m[BaseDriver][39m Session created with session id: 51247d6e-79c3-4c98-b25b-d3edd758fd4b
[35m[BaseDriver][39m Using local app '/Users/it-gaadmin/Downloads/24eea317-bdd8-4df1-9be5-8912a59ae391.apk'
[35m[ADB][39m Found 1 'build-tools' folders under '/Users/it-gaadmin/.katalon/tools/android_sdk' (newest first):
[35m[ADB][39m     /Users/it-gaadmin/.katalon/tools/android_sdk/build-tools/29.0.3
[35m[ADB][39m Using 'adb' from '/Users/it-gaadmin/.katalon/tools/android_sdk/platform-tools/adb'
[35m[AndroidDriver][39m Retrieving device list
[35m[AndroidDriver][39m Using device: 3d88f8eb
[35m[ADB][39m Using 'adb' from '/Users/it-gaadmin/.katalon/tools/android_sdk/platform-tools/adb'
[35m[ADB][39m Getting device platform version
[35m[UiAutomator2][39m Relaxing hidden api policy
[35m[ADB][39m Package name: 'com.itmi.eprescription.stagTwo'
[35m[ADB][39m Main activity name: 'com.itmi.eprescription.MainActivity'
[35m[ADB][39m Using 'apksigner.jar' from '/Users/it-gaadmin/.katalon/tools/android_sdk/build-tools/29.0.3/lib/apksigner.jar'
[35m[ADB][39m '/Users/it-gaadmin/node_modules/appium/node_modules/appium-uiautomator2-server/apks/appium-uiautomator2-server-v4.27.0.apk' is signed with the default certificate
[35m[ADB][39m '/Users/it-gaadmin/node_modules/appium/node_modules/appium-uiautomator2-server/apks/appium-uiautomator2-server-debug-androidTest.apk' is signed with the default certificate
[35m[UiAutomator2][39m Server packages are not going to be (re)installed
[35m[ADB][39m Adding packages ["io.appium.settings","io.appium.uiautomator2.server","io.appium.uiautomator2.server.test"] to Doze whitelist
[35m[ADB][39m '/Users/it-gaadmin/Downloads/24eea317-bdd8-4df1-9be5-8912a59ae391.apk' is signed with a non-default certificate
[35m[ADB][39m The application at '/Users/it-gaadmin/Downloads/24eea317-bdd8-4df1-9be5-8912a59ae391.apk' will not be cached, because the device under test has confirmed the support of streamed installs
[35m[ADB][39m The installation of '24eea317-bdd8-4df1-9be5-8912a59ae391.apk' took 10973ms
[35m[UiAutomator2][39m Starting UIAutomator2 server 4.27.0
[35m[UiAutomator2][39m Using UIAutomator2 server from '/Users/it-gaadmin/node_modules/appium/node_modules/appium-uiautomator2-server/apks/appium-uiautomator2-server-v4.27.0.apk' and test from '/Users/it-gaadmin/node_modules/appium/node_modules/appium-uiautomator2-server/apks/appium-uiautomator2-server-debug-androidTest.apk'
[35m[UiAutomator2][39m Waiting up to 30000ms for UiAutomator2 to be online...
[35m[WD Proxy][39m socket hang up
[35m[WD Proxy][39m socket hang up
[35m[WD Proxy][39m socket hang up
[35m[WD Proxy][39m socket hang up
[35m[WD Proxy][39m socket hang up
[35m[WD Proxy][39m socket hang up
[35m[WD Proxy][39m Determined the downstream protocol as 'W3C'
[35m[AndroidDriver][39m Screen already unlocked, doing nothing
[35m[UiAutomator2][39m Starting 'com.itmi.eprescription.stagTwo/com.itmi.eprescription.MainActivity and waiting for 'com.itmi.eprescription.stagTwo/*'
[35m[Appium][39m New AndroidUiautomator2Driver session created successfully, session 51247d6e-79c3-4c98-b25b-d3edd758fd4b added to master session list
[35m[HTTP][39m [37m<-- POST /wd/hub/session [39m[32m200[39m [90m24159 ms - 1368[39m
[35m[HTTP][39m [90m[39m
[35m[HTTP][39m [37m-->[39m [37mGET[39m [37m/wd/hub/session/51247d6e-79c3-4c98-b25b-d3edd758fd4b[39m
[35m[HTTP][39m [90m{}[39m
[35m[HTTP][39m [37m<-- GET /wd/hub/session/51247d6e-79c3-4c98-b25b-d3edd758fd4b [39m[32m200[39m [90m10 ms - 1322[39m
[35m[HTTP][39m [90m[39m
[35m[HTTP][39m [37m-->[39m [37mGET[39m [37m/wd/hub/session/51247d6e-79c3-4c98-b25b-d3edd758fd4b[39m
[35m[HTTP][39m [90m{}[39m
[35m[HTTP][39m [37m<-- GET /wd/hub/session/51247d6e-79c3-4c98-b25b-d3edd758fd4b [39m[32m200[39m [90m11 ms - 1322[39m
[35m[HTTP][39m [90m[39m
[35m[HTTP][39m [37m-->[39m [37mGET[39m [37m/wd/hub/status[39m
[35m[HTTP][39m [90m{}[39m
[35m[HTTP][39m [37m<-- GET /wd/hub/status [39m[32m200[39m [90m1 ms - 68[39m
[35m[HTTP][39m [90m[39m
[35m[HTTP][39m [37m-->[39m [37mPOST[39m [37m/wd/hub/session/51247d6e-79c3-4c98-b25b-d3edd758fd4b/timeouts[39m
[35m[HTTP][39m [90m{"implicit":60000}[39m
[35m[HTTP][39m [37m<-- POST /wd/hub/session/51247d6e-79c3-4c98-b25b-d3edd758fd4b/timeouts [39m[32m200[39m [90m1 ms - 14[39m
[35m[HTTP][39m [90m[39m
[35m[HTTP][39m [37m-->[39m [37mGET[39m [37m/wd/hub/session/51247d6e-79c3-4c98-b25b-d3edd758fd4b/source[39m
[35m[HTTP][39m [90m{}[39m
[35m[W3C (51247d6e)][39m Driver proxy active, passing request on via HTTP proxy
[35m[WD Proxy][39m Replacing sessionId 8abace42-ca98-4cee-8cd2-8bfff861bb69 with 51247d6e-79c3-4c98-b25b-d3edd758fd4b
[35m[HTTP][39m [37m<-- GET /wd/hub/session/51247d6e-79c3-4c98-b25b-d3edd758fd4b/source [39m[32m200[39m [90m325 ms - 2877[39m
[35m[HTTP][39m [90m[39m
[35m[HTTP][39m [37m-->[39m [37mGET[39m [37m/wd/hub/session/51247d6e-79c3-4c98-b25b-d3edd758fd4b/screenshot[39m
[35m[HTTP][39m [90m{}[39m
[35m[HTTP][39m [37m<-- GET /wd/hub/session/51247d6e-79c3-4c98-b25b-d3edd758fd4b/screenshot [39m[32m200[39m [90m714 ms - 81330[39m
[35m[HTTP][39m [90m[39m
[35m[HTTP][39m [37m-->[39m [37mGET[39m [37m/wd/hub/session/51247d6e-79c3-4c98-b25b-d3edd758fd4b/source[39m
[35m[HTTP][39m [90m{}[39m
[35m[W3C (51247d6e)][39m Driver proxy active, passing request on via HTTP proxy
[35m[WD Proxy][39m Replacing sessionId 8abace42-ca98-4cee-8cd2-8bfff861bb69 with 51247d6e-79c3-4c98-b25b-d3edd758fd4b
[35m[HTTP][39m [37m<-- GET /wd/hub/session/51247d6e-79c3-4c98-b25b-d3edd758fd4b/source [39m[32m200[39m [90m233 ms - 13548[39m
[35m[HTTP][39m [90m[39m
[35m[HTTP][39m [37m-->[39m [37mGET[39m [37m/wd/hub/session/51247d6e-79c3-4c98-b25b-d3edd758fd4b/screenshot[39m
[35m[HTTP][39m [90m{}[39m
[35m[HTTP][39m [37m<-- GET /wd/hub/session/51247d6e-79c3-4c98-b25b-d3edd758fd4b/screenshot [39m[32m200[39m [90m648 ms - 211356[39m
[35m[HTTP][39m [90m[39m
[35m[HTTP][39m [37m-->[39m [37mGET[39m [37m/wd/hub/session/51247d6e-79c3-4c98-b25b-d3edd758fd4b/source[39m
[35m[HTTP][39m [90m{}[39m
[35m[W3C (51247d6e)][39m Driver proxy active, passing request on via HTTP proxy
[35m[WD Proxy][39m Replacing sessionId 8abace42-ca98-4cee-8cd2-8bfff861bb69 with 51247d6e-79c3-4c98-b25b-d3edd758fd4b
[35m[HTTP][39m [37m<-- GET /wd/hub/session/51247d6e-79c3-4c98-b25b-d3edd758fd4b/source [39m[32m200[39m [90m231 ms - 15870[39m
[35m[HTTP][39m [90m[39m
[35m[HTTP][39m [37m-->[39m [37mGET[39m [37m/wd/hub/session/51247d6e-79c3-4c98-b25b-d3edd758fd4b/screenshot[39m
[35m[HTTP][39m [90m{}[39m
[35m[HTTP][39m [37m<-- GET /wd/hub/session/51247d6e-79c3-4c98-b25b-d3edd758fd4b/screenshot [39m[32m200[39m [90m915 ms - 103798[39m
[35m[HTTP][39m [90m[39m
[35m[HTTP][39m [37m-->[39m [37mDELETE[39m [37m/wd/hub/session/51247d6e-79c3-4c98-b25b-d3edd758fd4b[39m
[35m[HTTP][39m [90m{}[39m
[35m[Appium][39m Removing session 51247d6e-79c3-4c98-b25b-d3edd758fd4b from our master session list
[35m[UiAutomator2][39m Restoring hidden api policy to the device default configuration
[35m[HTTP][39m [37m<-- DELETE /wd/hub/session/51247d6e-79c3-4c98-b25b-d3edd758fd4b [39m[32m200[39m [90m622 ms - 14[39m
[35m[HTTP][39m [90m[39m
